<?xml version="1.0" encoding="UTF-8"?>
<TestRun id="90a41ac6-30eb-476c-88e7-d7462d0a6f8f" name="Adam@ADAM-PC 2012-04-21 13:39:50" runUser="Adam-PC\Adam" xmlns="http://microsoft.com/schemas/VisualStudio/TeamTest/2010">
  <TestSettings name="TestSettings1" id="ea5d6c33-ca76-42be-aaf2-506f708a8787">
    <Description>These are default test settings for a local test run.</Description>
    <Deployment runDeploymentRoot="Adam_ADAM-PC 2012-04-21 13_39_50">
      <DeploymentItem filename="C:\Users\Adam\MechanicalShareTrading\MechanicalTrading\Model\bin\x86\Debug\Adam.Trading.Mechanical.Model.dll" />
      <DeploymentItem filename="MechanicalTrading\Model.Tests\Data\GC----C.csv" />
    </Deployment>
    <Execution>
      <TestTypeSpecific>
        <UnitTestRunConfig testTypeId="13cdc9d9-ddb5-4fa4-a97d-d965ccfc6d4b">
          <AssemblyResolution>
            <TestDirectory useLoadContext="true" />
          </AssemblyResolution>
        </UnitTestRunConfig>
      </TestTypeSpecific>
      <AgentRule name="Execution Agents">
      </AgentRule>
    </Execution>
  </TestSettings>
  <Times creation="2012-04-21T13:39:50.0819000+10:00" queuing="2012-04-21T13:39:51.6959924+10:00" start="2012-04-21T13:39:51.7249940+10:00" finish="2012-04-21T13:39:52.6840489+10:00" />
  <ResultSummary outcome="Warning">
    <Counters total="2" executed="2" passed="2" error="0" failed="0" timeout="0" aborted="0" inconclusive="0" passedButRunAborted="0" notRunnable="0" notExecuted="0" disconnected="0" warning="0" completed="0" inProgress="0" pending="0" />
    <RunInfos>
      <RunInfo computerName="ADAM-PC" outcome="Warning" timestamp="2012-04-21T13:39:51.6949923+10:00">
        <Text>Warning: Test Run deployment issue: Failed to get the file for deployment item 'GC----C.csv' specified by the test 'Adam.Trading.Mechanical.Model.Tests.SupportResistanceCalculatorTests.Seykota120_45Test': System.IO.FileNotFoundException: Could not find file 'C:\Users\Adam\MechanicalShareTrading\GC----C.csv'.</Text>
        <Exception>System.IO.FileNotFoundException: Could not find file 'C:\Users\Adam\MechanicalShareTrading\GC----C.csv'.
File name: 'C:\Users\Adam\MechanicalShareTrading\GC----C.csv'
   at System.IO.__Error.WinIOError(Int32 errorCode, String maybeFullPath)
   at System.IO.File.GetAttributes(String path)
   at Microsoft.VisualStudio.TestTools.Common.SingleFileProvider.GetFilePaths()
   at Microsoft.VisualStudio.TestTools.TestManagement.DeploymentCoverageItem.GetFiles(TestRunConfiguration runConfig)
   at Microsoft.VisualStudio.TestTools.TestManagement.DeploymentManager.DoDeployment(TestRun run, FileCopyService fileCopyService)</Exception>
      </RunInfo>
    </RunInfos>
  </ResultSummary>
  <TestDefinitions>
    <UnitTest name="Seykota120_45Test" storage="c:\users\adam\mechanicalsharetrading\mechanicaltrading\model.tests\bin\x86\debug\adam.trading.mechanical.model.tests.dll" id="b5b491f2-9aa5-2e03-c760-d2c3329bcf0a">
      <DeploymentItems>
        <DeploymentItem filename="GC----C.csv" />
      </DeploymentItems>
      <Execution id="0022124d-a6de-4221-b097-6882ab48cc2f" />
      <TestMethod codeBase="C:/Users/Adam/MechanicalShareTrading/MechanicalTrading/Model.Tests/bin/x86/Debug/Adam.Trading.Mechanical.Model.Tests.DLL" adapterTypeName="Microsoft.VisualStudio.TestTools.TestTypes.Unit.UnitTestAdapter, Microsoft.VisualStudio.QualityTools.Tips.UnitTest.Adapter, Version=10.0.0.0, Culture=neutral, PublicKeyToken=b03f5f7f11d50a3a" className="Adam.Trading.Mechanical.Model.Tests.SupportResistanceCalculatorTests, Adam.Trading.Mechanical.Model.Tests, Version=1.0.0.0, Culture=neutral, PublicKeyToken=null" name="Seykota120_45Test" />
    </UnitTest>
    <UnitTest name="Seykota140_20Test" storage="c:\users\adam\mechanicalsharetrading\mechanicaltrading\model.tests\bin\x86\debug\adam.trading.mechanical.model.tests.dll" id="b21a49f0-d04f-cacf-eb75-b8257126d6c9">
      <DeploymentItems>
        <DeploymentItem filename="GC----C.csv" />
      </DeploymentItems>
      <Execution id="43a90365-faa6-4ddf-93b8-5cc942cb48a2" />
      <TestMethod codeBase="C:/Users/Adam/MechanicalShareTrading/MechanicalTrading/Model.Tests/bin/x86/Debug/Adam.Trading.Mechanical.Model.Tests.DLL" adapterTypeName="Microsoft.VisualStudio.TestTools.TestTypes.Unit.UnitTestAdapter, Microsoft.VisualStudio.QualityTools.Tips.UnitTest.Adapter, Version=10.0.0.0, Culture=neutral, PublicKeyToken=b03f5f7f11d50a3a" className="Adam.Trading.Mechanical.Model.Tests.SupportResistanceCalculatorTests, Adam.Trading.Mechanical.Model.Tests, Version=1.0.0.0, Culture=neutral, PublicKeyToken=null" name="Seykota140_20Test" />
    </UnitTest>
  </TestDefinitions>
  <TestLists>
    <TestList name="Results Not in a List" id="8c84fa94-04c1-424b-9868-57a2d4851a1d" />
    <TestList name="All Loaded Results" id="19431567-8539-422a-85d7-44ee4e166bda" />
  </TestLists>
  <TestEntries>
    <TestEntry testId="b21a49f0-d04f-cacf-eb75-b8257126d6c9" executionId="43a90365-faa6-4ddf-93b8-5cc942cb48a2" testListId="8c84fa94-04c1-424b-9868-57a2d4851a1d" />
    <TestEntry testId="b5b491f2-9aa5-2e03-c760-d2c3329bcf0a" executionId="0022124d-a6de-4221-b097-6882ab48cc2f" testListId="8c84fa94-04c1-424b-9868-57a2d4851a1d" />
  </TestEntries>
  <Results>
    <UnitTestResult executionId="43a90365-faa6-4ddf-93b8-5cc942cb48a2" testId="b21a49f0-d04f-cacf-eb75-b8257126d6c9" testName="Seykota140_20Test" computerName="ADAM-PC" duration="00:00:00.3765303" startTime="2012-04-21T13:39:51.7379948+10:00" endTime="2012-04-21T13:39:52.4090331+10:00" testType="13cdc9d9-ddb5-4fa4-a97d-d965ccfc6d4b" outcome="Passed" testListId="8c84fa94-04c1-424b-9868-57a2d4851a1d" relativeResultsDirectory="43a90365-faa6-4ddf-93b8-5cc942cb48a2">
    </UnitTestResult>
    <UnitTestResult executionId="0022124d-a6de-4221-b097-6882ab48cc2f" testId="b5b491f2-9aa5-2e03-c760-d2c3329bcf0a" testName="Seykota120_45Test" computerName="ADAM-PC" duration="00:00:00.2499447" startTime="2012-04-21T13:39:52.4120333+10:00" endTime="2012-04-21T13:39:52.6690480+10:00" testType="13cdc9d9-ddb5-4fa4-a97d-d965ccfc6d4b" outcome="Passed" testListId="8c84fa94-04c1-424b-9868-57a2d4851a1d" relativeResultsDirectory="0022124d-a6de-4221-b097-6882ab48cc2f">
    </UnitTestResult>
  </Results>
</TestRun>