<?xml version="1.0" encoding="UTF-8"?>
<TestRun id="3b4bf824-8aeb-4b1d-a1e8-343d9949652f" name="Adam@ADAM-PC 2012-04-15 16:09:02" runUser="Adam-PC\Adam" xmlns="http://microsoft.com/schemas/VisualStudio/TeamTest/2010">
  <TestSettings name="Default Test Settings" id="9f6c479c-a9e9-4fb5-adde-f32550a2443f">
    <Deployment runDeploymentRoot="Adam_ADAM-PC 2012-04-15 16_09_02">
      <DeploymentItem filename="C:\Users\Adam\MechanicalShareTrading\MechanicalTrading\Model\bin\x86\Debug\Adam.Trading.Mechanical.Model.dll" />
    </Deployment>
    <Execution>
      <TestTypeSpecific />
      <AgentRule name="Execution Agents">
      </AgentRule>
    </Execution>
  </TestSettings>
  <Times creation="2012-04-15T16:09:02.6733574+10:00" queuing="2012-04-15T16:09:05.6265264+10:00" start="2012-04-15T16:09:05.7865355+10:00" finish="2012-04-15T16:09:44.2087331+10:00" />
  <ResultSummary outcome="Failed">
    <Counters total="1" executed="1" error="0" failed="1" timeout="0" aborted="0" inconclusive="0" passedButRunAborted="0" notRunnable="0" notExecuted="0" disconnected="0" warning="0" passed="0" completed="0" inProgress="0" pending="0" />
    <RunInfos>
      <RunInfo computerName="ADAM-PC" outcome="Warning" timestamp="2012-04-15T16:09:04.5004620+10:00">
        <Text>Warning: Test Run deployment issue: Failed to get the file for deployment item 'Adam.Trading.Mechanical.Model.Tests\Data\GC----C.csv' specified by the test 'Adam.Trading.Mechanical.Model.Tests.SupportResistanceCalculatorTests.Seykota140_20Test': System.IO.DirectoryNotFoundException: Could not find a part of the path 'C:\Users\Adam\MechanicalShareTrading\Adam.Trading.Mechanical.Model.Tests\Data\GC----C.csv'.</Text>
        <Exception>System.IO.DirectoryNotFoundException: Could not find a part of the path 'C:\Users\Adam\MechanicalShareTrading\Adam.Trading.Mechanical.Model.Tests\Data\GC----C.csv'.
   at System.IO.__Error.WinIOError(Int32 errorCode, String maybeFullPath)
   at System.IO.File.GetAttributes(String path)
   at Microsoft.VisualStudio.TestTools.Common.SingleFileProvider.GetFilePaths()
   at Microsoft.VisualStudio.TestTools.TestManagement.DeploymentCoverageItem.GetFiles(TestRunConfiguration runConfig)
   at Microsoft.VisualStudio.TestTools.TestManagement.DeploymentManager.DoDeployment(TestRun run, FileCopyService fileCopyService)</Exception>
      </RunInfo>
    </RunInfos>
  </ResultSummary>
  <TestDefinitions>
    <UnitTest name="Seykota140_20Test" storage="c:\users\adam\mechanicalsharetrading\mechanicaltrading\model.tests\bin\x86\debug\adam.trading.mechanical.model.tests.dll" id="b21a49f0-d04f-cacf-eb75-b8257126d6c9">
      <DeploymentItems>
        <DeploymentItem filename="Adam.Trading.Mechanical.Model.Tests\Data\GC----C.csv" />
      </DeploymentItems>
      <Execution id="4a34b9fd-a3b5-466a-b2a2-acfe7e3e061a" />
      <TestMethod codeBase="C:/Users/Adam/MechanicalShareTrading/MechanicalTrading/Model.Tests/bin/x86/Debug/Adam.Trading.Mechanical.Model.Tests.DLL" adapterTypeName="Microsoft.VisualStudio.TestTools.TestTypes.Unit.UnitTestAdapter, Microsoft.VisualStudio.QualityTools.Tips.UnitTest.Adapter, Version=10.0.0.0, Culture=neutral, PublicKeyToken=b03f5f7f11d50a3a" className="Adam.Trading.Mechanical.Model.Tests.SupportResistanceCalculatorTests, Adam.Trading.Mechanical.Model.Tests, Version=1.0.0.0, Culture=neutral, PublicKeyToken=null" name="Seykota140_20Test" />
    </UnitTest>
  </TestDefinitions>
  <TestLists>
    <TestList name="Results Not in a List" id="8c84fa94-04c1-424b-9868-57a2d4851a1d" />
    <TestList name="All Loaded Results" id="19431567-8539-422a-85d7-44ee4e166bda" />
  </TestLists>
  <TestEntries>
    <TestEntry testId="b21a49f0-d04f-cacf-eb75-b8257126d6c9" executionId="4a34b9fd-a3b5-466a-b2a2-acfe7e3e061a" testListId="8c84fa94-04c1-424b-9868-57a2d4851a1d" />
  </TestEntries>
  <Results>
    <UnitTestResult executionId="4a34b9fd-a3b5-466a-b2a2-acfe7e3e061a" testId="b21a49f0-d04f-cacf-eb75-b8257126d6c9" testName="Seykota140_20Test" computerName="ADAM-PC" duration="00:00:35.3163064" startTime="2012-04-15T16:09:05.9495448+10:00" endTime="2012-04-15T16:09:44.0397235+10:00" testType="13cdc9d9-ddb5-4fa4-a97d-d965ccfc6d4b" outcome="Failed" testListId="8c84fa94-04c1-424b-9868-57a2d4851a1d" relativeResultsDirectory="4a34b9fd-a3b5-466a-b2a2-acfe7e3e061a">
      <Output>
        <ErrorInfo>
          <Message>Test method Adam.Trading.Mechanical.Model.Tests.SupportResistanceCalculatorTests.Seykota140_20Test threw exception: 
System.Exception: System.Exception: Error reading Input Data File, GC----C.csv, error: System.IO.FileNotFoundException: Could not find file 'C:\Users\Adam\MechanicalShareTrading\TestResults\Adam_ADAM-PC 2012-04-15 16_09_02\Out\GC----C.csv'.
File name: 'C:\Users\Adam\MechanicalShareTrading\TestResults\Adam_ADAM-PC 2012-04-15 16_09_02\Out\GC----C.csv'
   at System.IO.__Error.WinIOError(Int32 errorCode, String maybeFullPath)
   at System.IO.FileStream.Init(String path, FileMode mode, FileAccess access, Int32 rights, Boolean useRights, FileShare share, Int32 bufferSize, FileOptions options, SECURITY_ATTRIBUTES secAttrs, String msgPath, Boolean bFromProxy, Boolean useLongPath)
   at System.IO.FileStream..ctor(String path, FileMode mode, FileAccess access, FileShare share, Int32 bufferSize, FileOptions options)
   at System.IO.StreamReader..ctor(String path, Encoding encoding, Boolean detectEncodingFromByteOrderMarks, Int32 bufferSize)
   at System.IO.StreamReader..ctor(String path)
   at System.IO.File.OpenText(String path)
   at Adam.Trading.Mechanical.Model.BarDataReader..ctor(String inputFile) in C:\Users\Adam\MechanicalShareTrading\MechanicalTrading\Model\BarDataReader.cs:line 35
   at Adam.Trading.Mechanical.Model.BarDataReader..ctor(String inputFile) in C:\Users\Adam\MechanicalShareTrading\MechanicalTrading\Model\BarDataReader.cs:line 66
   at Adam.Trading.Mechanical.Model.SupportResistanceCalculator.CalculateTradingSystem() in C:\Users\Adam\MechanicalShareTrading\MechanicalTrading\Model\SupportResistanceCalculator.cs:line 153</Message>
          <StackTrace>    at Adam.Trading.Mechanical.Model.SupportResistanceCalculator.CalculateTradingSystem() in C:\Users\Adam\MechanicalShareTrading\MechanicalTrading\Model\SupportResistanceCalculator.cs:line 677
   at Adam.Trading.Mechanical.Model.Tests.SupportResistanceCalculatorTests.Seykota140_20Test() in C:\Users\Adam\MechanicalShareTrading\MechanicalTrading\Model.Tests\SupportResistanceCalculatorTests.cs:line 16
</StackTrace>
        </ErrorInfo>
      </Output>
    </UnitTestResult>
  </Results>
</TestRun>